<?xml version="1.0" encoding="UTF-8"?>
<testsuite xmlns:xsi="http://www.w3.org/2001/XMLSchema-instance" xsi:noNamespaceSchemaLocation="https://maven.apache.org/surefire/maven-surefire-plugin/xsd/surefire-test-report.xsd" name="com.iota.iri.TransactionValidatorTest" time="0.594" tests="8" errors="0" skipped="0" failures="0">
  <properties>
[...]
</properties>
  <testcase name="addSolidTransactionWithoutErrors" classname="com.iota.iri.TransactionValidatorTest" time="0.011"/>
  <testcase name="validateBytes" classname="com.iota.iri.TransactionValidatorTest" time="0.035"/>
  <testcase name="validateTrits" classname="com.iota.iri.TransactionValidatorTest" time="0.02"/>
  <testcase name="verifyTxIsSolid" classname="com.iota.iri.TransactionValidatorTest" time="0.092"/>
  <testcase name="validateBytesWithNewCurl" classname="com.iota.iri.TransactionValidatorTest" time="0.042"/>
  <testcase name="testMinMwm" classname="com.iota.iri.TransactionValidatorTest" time="0.303"/>
  <testcase name="verifyTxIsNotSolid" classname="com.iota.iri.TransactionValidatorTest" time="0.005"/>
  <testcase name="validateTritsWithInvalidMetadata" classname="com.iota.iri.TransactionValidatorTest" time="0.006"/>
</testsuite>